bundler: failed to load command: jekyll (/Users/islamhussein/Documents/knowledgebase/travel2egypt.github.io/vendor/bundle/ruby/3.3.0/bin/jekyll)
/Users/islamhussein/.rbenv/versions/3.3.4/lib/ruby/3.3.0/psych/parser.rb:62:in `_native_parse': (/Users/islamhussein/Documents/knowledgebase/travel2egypt.github.io/_config.yml): could not find expected ':' while scanning a simple key at line 22 column 1 (Psych::SyntaxError)
	from /Users/islamhussein/.rbenv/versions/3.3.4/lib/ruby/3.3.0/psych/parser.rb:62:in `parse'
	from /Users/islamhussein/Documents/knowledgebase/travel2egypt.github.io/vendor/bundle/ruby/3.3.0/gems/safe_yaml-1.0.5/lib/safe_yaml/load.rb:143:in `load'
	from /Users/islamhussein/Documents/knowledgebase/travel2egypt.github.io/vendor/bundle/ruby/3.3.0/gems/safe_yaml-1.0.5/lib/safe_yaml/load.rb:157:in `block in load_file'
	from /Users/islamhussein/Documents/knowledgebase/travel2egypt.github.io/vendor/bundle/ruby/3.3.0/gems/safe_yaml-1.0.5/lib/safe_yaml/load.rb:157:in `open'
	from /Users/islamhussein/Documents/knowledgebase/travel2egypt.github.io/vendor/bundle/ruby/3.3.0/gems/safe_yaml-1.0.5/lib/safe_yaml/load.rb:157:in `load_file'
	from /Users/islamhussein/Documents/knowledgebase/travel2egypt.github.io/vendor/bundle/ruby/3.3.0/gems/jekyll-4.4.1/lib/jekyll/configuration.rb:129:in `safe_load_file'
	from /Users/islamhussein/Documents/knowledgebase/travel2egypt.github.io/vendor/bundle/ruby/3.3.0/gems/jekyll-4.4.1/lib/jekyll/configuration.rb:167:in `read_config_file'
	from /Users/islamhussein/Documents/knowledgebase/travel2egypt.github.io/vendor/bundle/ruby/3.3.0/gems/jekyll-4.4.1/lib/jekyll/configuration.rb:198:in `block in read_config_files'
	from /Users/islamhussein/Documents/knowledgebase/travel2egypt.github.io/vendor/bundle/ruby/3.3.0/gems/jekyll-4.4.1/lib/jekyll/configuration.rb:195:in `each'
	from /Users/islamhussein/Documents/knowledgebase/travel2egypt.github.io/vendor/bundle/ruby/3.3.0/gems/jekyll-4.4.1/lib/jekyll/configuration.rb:195:in `read_config_files'
	from /Users/islamhussein/Documents/knowledgebase/travel2egypt.github.io/vendor/bundle/ruby/3.3.0/gems/jekyll-4.4.1/lib/jekyll.rb:118:in `configuration'
	from /Users/islamhussein/Documents/knowledgebase/travel2egypt.github.io/vendor/bundle/ruby/3.3.0/gems/jekyll-4.4.1/lib/jekyll/command.rb:44:in `configuration_from_options'
	from /Users/islamhussein/Documents/knowledgebase/travel2egypt.github.io/vendor/bundle/ruby/3.3.0/gems/jekyll-4.4.1/lib/jekyll/commands/serve.rb:82:in `block (2 levels) in init_with_program'
	from /Users/islamhussein/Documents/knowledgebase/travel2egypt.github.io/vendor/bundle/ruby/3.3.0/gems/mercenary-0.4.0/lib/mercenary/command.rb:221:in `block in execute'
	from /Users/islamhussein/Documents/knowledgebase/travel2egypt.github.io/vendor/bundle/ruby/3.3.0/gems/mercenary-0.4.0/lib/mercenary/command.rb:221:in `each'
	from /Users/islamhussein/Documents/knowledgebase/travel2egypt.github.io/vendor/bundle/ruby/3.3.0/gems/mercenary-0.4.0/lib/mercenary/command.rb:221:in `execute'
	from /Users/islamhussein/Documents/knowledgebase/travel2egypt.github.io/vendor/bundle/ruby/3.3.0/gems/mercenary-0.4.0/lib/mercenary/program.rb:44:in `go'
	from /Users/islamhussein/Documents/knowledgebase/travel2egypt.github.io/vendor/bundle/ruby/3.3.0/gems/mercenary-0.4.0/lib/mercenary.rb:21:in `program'
	from /Users/islamhussein/Documents/knowledgebase/travel2egypt.github.io/vendor/bundle/ruby/3.3.0/gems/jekyll-4.4.1/exe/jekyll:15:in `<top (required)>'
	from /Users/islamhussein/Documents/knowledgebase/travel2egypt.github.io/vendor/bundle/ruby/3.3.0/bin/jekyll:25:in `load'
	from /Users/islamhussein/Documents/knowledgebase/travel2egypt.github.io/vendor/bundle/ruby/3.3.0/bin/jekyll:25:in `<top (required)>'
	from /Users/islamhussein/.rbenv/versions/3.3.4/lib/ruby/3.3.0/bundler/cli/exec.rb:58:in `load'
	from /Users/islamhussein/.rbenv/versions/3.3.4/lib/ruby/3.3.0/bundler/cli/exec.rb:58:in `kernel_load'
	from /Users/islamhussein/.rbenv/versions/3.3.4/lib/ruby/3.3.0/bundler/cli/exec.rb:23:in `run'
	from /Users/islamhussein/.rbenv/versions/3.3.4/lib/ruby/3.3.0/bundler/cli.rb:455:in `exec'
	from /Users/islamhussein/.rbenv/versions/3.3.4/lib/ruby/3.3.0/bundler/vendor/thor/lib/thor/command.rb:28:in `run'
	from /Users/islamhussein/.rbenv/versions/3.3.4/lib/ruby/3.3.0/bundler/vendor/thor/lib/thor/invocation.rb:127:in `invoke_command'
	from /Users/islamhussein/.rbenv/versions/3.3.4/lib/ruby/3.3.0/bundler/vendor/thor/lib/thor.rb:527:in `dispatch'
	from /Users/islamhussein/.rbenv/versions/3.3.4/lib/ruby/3.3.0/bundler/cli.rb:35:in `dispatch'
	from /Users/islamhussein/.rbenv/versions/3.3.4/lib/ruby/3.3.0/bundler/vendor/thor/lib/thor/base.rb:584:in `start'
	from /Users/islamhussein/.rbenv/versions/3.3.4/lib/ruby/3.3.0/bundler/cli.rb:29:in `start'
	from /Users/islamhussein/.rbenv/versions/3.3.4/lib/ruby/gems/3.3.0/gems/bundler-2.5.11/exe/bundle:28:in `block in <top (required)>'
	from /Users/islamhussein/.rbenv/versions/3.3.4/lib/ruby/3.3.0/bundler/friendly_errors.rb:117:in `with_friendly_errors'
	from /Users/islamhussein/.rbenv/versions/3.3.4/lib/ruby/gems/3.3.0/gems/bundler-2.5.11/exe/bundle:20:in `<top (required)>'
	from /Users/islamhussein/.rbenv/versions/3.3.4/bin/bundle:25:in `load'
	from /Users/islamhussein/.rbenv/versions/3.3.4/bin/bundle:25:in `<main>'
